17:10:05, 972 <<<STARTING 3 2018-09-16 17:10:05.972883>>>
17:18:55, 25 Restoring parameters from ./headpose/Cls/3/ckpt/model90.ckpt
17:36:09, 815  ========= 0 ========= 
17:36:09, 817 epoch: 0, cl: [ nan  nan  nan], nan
17:40:41, 8 <<<STARTING 3 2018-09-16 17:40:41.008142>>>
17:49:39, 994 Restoring parameters from ./headpose/Cls/3/ckpt/model90.ckpt
18:06:43, 688  ========= 0 ========= 
18:06:43, 691 epoch: 0, cl: [ nan  nan  nan], nan
18:23:38, 844  ========= 1 ========= 
18:23:38, 846 epoch: 1, cl: [ nan  nan  nan], nan
18:37:03, 585 <<<STARTING 3 2018-09-16 18:37:03.585765>>>
18:45:50, 470 Restoring parameters from ./headpose/Cls/3/ckpt/model90.ckpt
18:46:29, 203 <<<STARTING 3 2018-09-16 18:46:29.203587>>>
18:55:14, 85 Restoring parameters from ./headpose/Cls/3/ckpt/model90.ckpt
19:11:37, 721  ========= 0 ========= 
19:11:37, 723 epoch: 0, cl: [ 4.39436383  7.28398345  6.37283393], 6.01706040424
19:27:53, 646  ========= 1 ========= 
19:27:53, 647 epoch: 1, cl: [ 4.37270448  7.37449208  6.35417184], 6.03378946691
19:44:10, 187  ========= 2 ========= 
19:44:10, 189 epoch: 2, cl: [ 4.37503378  7.32873474  6.30192416], 6.00189755983
20:00:26, 73  ========= 3 ========= 
20:00:26, 75 epoch: 3, cl: [ 4.3674977   7.25440694  6.27545393], 5.96578619176
20:16:42, 816  ========= 4 ========= 
20:16:42, 818 epoch: 4, cl: [ 4.39874342  7.40000932  6.28523241], 6.02799505003
20:32:59, 592  ========= 5 ========= 
20:32:59, 593 epoch: 5, cl: [ 4.41802356  7.31477803  6.3667325 ], 6.03317803004
20:49:15, 650  ========= 6 ========= 
20:49:15, 651 epoch: 6, cl: [ 4.39838058  7.37906922  6.29665608], 6.02470195899
21:05:32, 225  ========= 7 ========= 
21:05:32, 227 epoch: 7, cl: [ 4.40700348  7.43206172  6.27366585], 6.03757701631
21:21:48, 749  ========= 8 ========= 
21:21:48, 750 epoch: 8, cl: [ 4.41628968  7.34982433  6.36251941], 6.0428778059
21:38:04, 831  ========= 9 ========= 
21:38:04, 832 epoch: 9, cl: [ 4.40094518  7.36778067  6.32648578], 6.03173720951
21:54:21, 30  ========= 10 ========= 
21:54:21, 31 epoch: 10, cl: [ 4.38722923  7.29987232  6.32703504], 6.00471219597
22:10:37, 883  ========= 11 ========= 
22:10:37, 885 epoch: 11, cl: [ 4.38477182  7.32156747  6.27473474], 5.99369134162
22:26:55, 254  ========= 12 ========= 
22:26:55, 255 epoch: 12, cl: [ 4.38855917  7.38293177  6.36247064], 6.04465386093
22:43:12, 479  ========= 13 ========= 
22:43:12, 481 epoch: 13, cl: [ 4.40099954  7.33378858  6.34812153], 6.02763655
22:59:30, 7  ========= 14 ========= 
22:59:30, 8 epoch: 14, cl: [ 4.40466014  7.29926176  6.27349042], 5.99247077359
23:15:46, 42  ========= 15 ========= 
23:15:46, 43 epoch: 15, cl: [ 4.41099056  7.28520304  6.31292271], 6.00303877022
23:32:03, 109  ========= 16 ========= 
23:32:03, 110 epoch: 16, cl: [ 4.39376003  7.28515624  6.24196949], 5.9736285837
23:48:20, 639  ========= 17 ========= 
23:48:20, 640 epoch: 17, cl: [ 4.44193094  7.29075679  6.33960649], 6.02409807654
00:04:38, 132  ========= 18 ========= 
00:04:38, 134 epoch: 18, cl: [ 4.4317554   7.36797085  6.37337989], 6.05770204661
00:20:55, 373  ========= 19 ========= 
00:20:55, 374 epoch: 19, cl: [ 4.42090036  7.36601984  6.36324654], 6.05005557801
00:37:12, 94  ========= 20 ========= 
00:37:12, 95 epoch: 20, cl: [ 4.40817964  7.31388272  6.32789393], 6.01665209802
00:53:28, 895  ========= 21 ========= 
00:53:28, 896 epoch: 21, cl: [ 4.416366    7.29470933  6.37805161], 6.02970897924
01:09:46, 310  ========= 22 ========= 
01:09:46, 311 epoch: 22, cl: [ 4.44168512  7.29176857  6.45543004], 6.06296124193
01:26:03, 339  ========= 23 ========= 
01:26:03, 340 epoch: 23, cl: [ 4.43114106  7.3268167   6.43106906], 6.06300894162
01:42:20, 881  ========= 24 ========= 
01:42:20, 881 epoch: 24, cl: [ 4.40734964  7.3171214   6.35420585], 6.02622562613
01:58:37, 911  ========= 25 ========= 
01:58:37, 912 epoch: 25, cl: [ 4.43254568  7.31497151  6.3384384 ], 6.02865185994
02:14:55, 608  ========= 26 ========= 
02:14:55, 609 epoch: 26, cl: [ 4.41244744  7.33505264  6.28768883], 6.01172963879
02:31:11, 871  ========= 27 ========= 
02:31:11, 872 epoch: 27, cl: [ 4.39859431  7.30328517  6.33660934], 6.01282960756
02:47:28, 897  ========= 28 ========= 
02:47:28, 898 epoch: 28, cl: [ 4.39183173  7.34245059  6.29775728], 6.01067986594
03:03:46, 399  ========= 29 ========= 
03:03:46, 401 epoch: 29, cl: [ 4.40447904  7.25417047  6.35190974], 6.00351974908
03:20:03, 413  ========= 30 ========= 
03:20:03, 414 epoch: 30, cl: [ 4.38360293  7.31727844  6.40013641], 6.03367259391
03:36:20, 482  ========= 31 ========= 
03:36:20, 484 epoch: 31, cl: [ 4.40067259  7.32431794  6.29020222], 6.00506424844
03:52:36, 789  ========= 32 ========= 
03:52:36, 790 epoch: 32, cl: [ 4.39397603  7.2933216   6.23621482], 5.97450415208
04:08:53, 330  ========= 33 ========= 
04:08:53, 331 epoch: 33, cl: [ 4.41677789  7.2744988   6.31148911], 6.0009219354
04:25:09, 684  ========= 34 ========= 
04:25:09, 685 epoch: 34, cl: [ 4.40691963  7.2467467   6.36896131], 6.00754254663
04:41:26, 483  ========= 35 ========= 
04:41:26, 484 epoch: 35, cl: [ 4.42819846  7.26825701  6.36252829], 6.01966124997
04:57:43, 904  ========= 36 ========= 
04:57:43, 906 epoch: 36, cl: [ 4.4421181   7.29272127  6.35229728], 6.02904554937
05:14:00, 771  ========= 37 ========= 
05:14:00, 772 epoch: 37, cl: [ 4.41725002  7.29764698  6.35212175], 6.02233958155
05:30:17, 441  ========= 38 ========= 
05:30:17, 443 epoch: 38, cl: [ 4.41001445  7.271511    6.38178926], 6.02110490302
05:46:33, 868  ========= 39 ========= 
05:46:33, 869 epoch: 39, cl: [ 4.41245609  7.27203762  6.30851563], 5.99766977946
06:02:50, 995  ========= 40 ========= 
06:02:50, 997 epoch: 40, cl: [ 4.40516412  7.29664265  6.3235317 ], 6.00844615581
06:19:07, 488  ========= 41 ========= 
06:19:07, 489 epoch: 41, cl: [ 4.39192803  7.38313884  6.35925022], 6.04477236439
06:35:24, 326  ========= 42 ========= 
06:35:24, 327 epoch: 42, cl: [ 4.40240959  7.20854306  6.38506102], 5.99867122427
06:51:40, 650  ========= 43 ========= 
06:51:40, 651 epoch: 43, cl: [ 4.43465332  7.3045494   6.30641033], 6.0152043495
07:07:56, 910  ========= 44 ========= 
07:07:56, 911 epoch: 44, cl: [ 4.40023753  7.24020794  6.27920778], 5.97321774948
07:24:13, 439  ========= 45 ========= 
07:24:13, 440 epoch: 45, cl: [ 4.40780584  7.30268055  6.40740997], 6.03929878813
07:40:29, 545  ========= 46 ========= 
07:40:29, 546 epoch: 46, cl: [ 4.3917526   7.22791662  6.3629205 ], 5.99419657298
07:56:44, 901  ========= 47 ========= 
07:56:44, 902 epoch: 47, cl: [ 4.40454553  7.29429936  6.39341919], 6.03075469148
08:13:00, 642  ========= 48 ========= 
08:13:00, 643 epoch: 48, cl: [ 4.40791164  7.23788524  6.32180629], 5.98920105521
08:29:17, 143  ========= 49 ========= 
08:29:17, 145 epoch: 49, cl: [ 4.3985624   7.21909083  6.31648869], 5.97804730362
08:45:33, 428  ========= 50 ========= 
08:45:33, 429 epoch: 50, cl: [ 4.43089318  7.23509836  6.38029615], 6.01542922897
09:01:49, 633  ========= 51 ========= 
09:01:49, 634 epoch: 51, cl: [ 4.43949886  7.22806895  6.36043829], 6.00933536866
09:18:05, 346  ========= 52 ========= 
09:18:05, 348 epoch: 52, cl: [ 4.39297177  7.26104346  6.35864585], 6.00422035961
09:34:21, 559  ========= 53 ========= 
09:34:21, 560 epoch: 53, cl: [ 4.43069609  7.30599102  6.36078092], 6.03248934481
09:50:37, 416  ========= 54 ========= 
09:50:37, 417 epoch: 54, cl: [ 4.42794445  7.21708169  6.32988715], 5.99163776325
10:06:53, 235  ========= 55 ========= 
10:06:53, 237 epoch: 55, cl: [ 4.41480355  7.28814617  6.33497323], 6.01264098292
10:23:07, 84  ========= 56 ========= 
10:23:07, 85 epoch: 56, cl: [ 4.40237075  7.22642522  6.35837755], 5.99572450647
10:39:20, 972  ========= 57 ========= 
10:39:20, 973 epoch: 57, cl: [ 4.42392167  7.27157135  6.31587394], 6.00378898863
10:55:34, 617  ========= 58 ========= 
10:55:34, 618 epoch: 58, cl: [ 4.41935914  7.30131985  6.26413256], 5.99493718044
11:11:47, 376  ========= 59 ========= 
11:11:47, 377 epoch: 59, cl: [ 4.40072554  7.32682416  6.36234383], 6.02996451058
11:28:00, 936  ========= 60 ========= 
11:28:00, 937 epoch: 60, cl: [ 4.41882307  7.21738205  6.3228522 ], 5.98635244053
11:44:14, 884  ========= 61 ========= 
11:44:14, 885 epoch: 61, cl: [ 4.41624972  7.30040064  6.34042388], 6.01902474722
12:00:28, 591  ========= 62 ========= 
12:00:28, 592 epoch: 62, cl: [ 4.44295779  7.25383947  6.29543468], 5.99741064547
12:16:42, 495  ========= 63 ========= 
12:16:42, 496 epoch: 63, cl: [ 4.41385429  7.28490611  6.35886365], 6.0192080183
12:32:56, 56  ========= 64 ========= 
12:32:56, 57 epoch: 64, cl: [ 4.44090681  7.19484696  6.31675164], 5.98416846749
12:49:10, 412  ========= 65 ========= 
12:49:10, 413 epoch: 65, cl: [ 4.41348363  7.28392167  6.35513116], 6.01751215203
13:05:23, 375  ========= 66 ========= 
13:05:23, 376 epoch: 66, cl: [ 4.42552343  7.19398502  6.32772852], 5.98241232253
13:21:36, 752  ========= 67 ========= 
13:21:36, 753 epoch: 67, cl: [ 4.43006968  7.30391141  6.43823358], 6.05740488915
13:37:50, 522  ========= 68 ========= 
13:37:50, 523 epoch: 68, cl: [ 4.41504806  7.23774089  6.40899779], 6.02059557706
13:54:04, 470  ========= 69 ========= 
13:54:04, 471 epoch: 69, cl: [ 4.40399658  7.2875946   6.35878312], 6.01679143116
14:10:17, 626  ========= 70 ========= 
14:10:17, 627 epoch: 70, cl: [ 4.41716067  7.30468921  6.36208435], 6.02797808
14:26:31, 442  ========= 71 ========= 
14:26:31, 443 epoch: 71, cl: [ 4.4336185   7.29216935  6.32171344], 6.01583376228
